<?xml version="1.0" encoding="UTF-8"?>
<!-- Generated by org.testng.reporters.JUnitXMLReporter -->
<testsuite ignored="0" hostname="Prashant" failures="1" tests="1" name="Firefox" time="0.008" errors="0" timestamp="2025-07-10T16:15:48 IST">
  <testcase classname="testCases.TC001_AccountRegistrationTest" name="AccountRegister" time="0.001">
    <failure type="java.lang.AssertionError" message="null">
      <![CDATA[java.lang.AssertionError: null
at testCases.TC001_AccountRegistrationTest.AccountRegister(TC001_AccountRegistrationTest.java:54)
at java.base/java.util.ArrayList.forEach(ArrayList.java:1511)
... Removed 29 stack frames]]>
    </failure>
  </testcase> <!-- AccountRegister -->
</testsuite> <!-- Firefox -->
