<?xml version="1.0" encoding="UTF-8"?>
<!-- Generated by org.testng.reporters.JUnitXMLReporter -->
<testsuite ignored="0" hostname="Prashant" failures="1" tests="2" name="Test" time="17.794" errors="0" timestamp="2025-07-21T21:23:10 IST">
  <testcase classname="testCases.TC001_AccountRegistrationTest" name="AccountRegister" time="3.575">
    <failure type="java.lang.AssertionError" message="expected [true] but found [false]">
      <![CDATA[java.lang.AssertionError: expected [true] but found [false]
at testCases.TC001_AccountRegistrationTest.AccountRegister(TC001_AccountRegistrationTest.java:50)
at java.base/java.util.ArrayList.forEach(ArrayList.java:1511)
... Removed 31 stack frames]]>
    </failure>
  </testcase> <!-- AccountRegister -->
  <testcase classname="testCases.TC002_LoginTest" name="Login" time="2.95"/>
</testsuite> <!-- Test -->
